0 info it worked if it ends with ok
1 verbose cli [ '/usr/local/bin/node',
1 verbose cli   '/usr/local/bin/npm',
1 verbose cli   'install',
1 verbose cli   '--save',
1 verbose cli   'node-a-pkg' ]
2 info using npm@2.14.20
3 info using node@v4.4.0
4 verbose install initial load of /Users/jordan/gDrive/JMH-Projects/scheme/package.json
5 warn package.json scheme@1.0.0 No repository field.
6 verbose installManyTop reading scoped package data from /Users/jordan/gDrive/JMH-Projects/scheme/node_modules/babel-core/package.json
7 verbose installManyTop reading scoped package data from /Users/jordan/gDrive/JMH-Projects/scheme/node_modules/babel-loader/package.json
8 verbose installManyTop reading scoped package data from /Users/jordan/gDrive/JMH-Projects/scheme/node_modules/babel-preset-react/package.json
9 verbose installManyTop reading scoped package data from /Users/jordan/gDrive/JMH-Projects/scheme/node_modules/flux/package.json
10 verbose installManyTop reading scoped package data from /Users/jordan/gDrive/JMH-Projects/scheme/node_modules/react/package.json
11 verbose installManyTop reading scoped package data from /Users/jordan/gDrive/JMH-Projects/scheme/node_modules/react-addons-css-transition-group/package.json
12 verbose installManyTop reading scoped package data from /Users/jordan/gDrive/JMH-Projects/scheme/node_modules/react-date-picker/package.json
13 verbose installManyTop reading scoped package data from /Users/jordan/gDrive/JMH-Projects/scheme/node_modules/react-dom/package.json
14 verbose installManyTop reading scoped package data from /Users/jordan/gDrive/JMH-Projects/scheme/node_modules/react-dropzone/package.json
15 verbose installManyTop reading scoped package data from /Users/jordan/gDrive/JMH-Projects/scheme/node_modules/react-modal/package.json
16 verbose installManyTop reading scoped package data from /Users/jordan/gDrive/JMH-Projects/scheme/node_modules/react-router/package.json
17 verbose installManyTop reading scoped package data from /Users/jordan/gDrive/JMH-Projects/scheme/node_modules/webpack/package.json
18 verbose readDependencies loading dependencies from /Users/jordan/gDrive/JMH-Projects/scheme/package.json
19 silly cache add args [ 'node-a-pkg', null ]
20 verbose cache add spec node-a-pkg
21 silly cache add parsed spec Result {
21 silly cache add   raw: 'node-a-pkg',
21 silly cache add   scope: null,
21 silly cache add   name: 'node-a-pkg',
21 silly cache add   rawSpec: '',
21 silly cache add   spec: 'latest',
21 silly cache add   type: 'tag' }
22 silly addNamed node-a-pkg@latest
23 verbose addNamed "latest" is being treated as a dist-tag for node-a-pkg
24 info addNameTag [ 'node-a-pkg', 'latest' ]
25 silly mapToRegistry name node-a-pkg
26 silly mapToRegistry using default registry
27 silly mapToRegistry registry https://registry.npmjs.org/
28 silly mapToRegistry uri https://registry.npmjs.org/node-a-pkg
29 verbose addNameTag registry:https://registry.npmjs.org/node-a-pkg not in flight; fetching
30 verbose request uri https://registry.npmjs.org/node-a-pkg
31 verbose request no auth needed
32 info attempt registry request try #1 at 3:16:51 PM
33 verbose request id 1555af03d8e2cf59
34 http request GET https://registry.npmjs.org/node-a-pkg
35 http 404 https://registry.npmjs.org/node-a-pkg
36 verbose headers { 'content-type': 'application/json',
36 verbose headers   'cache-control': 'max-age=0',
36 verbose headers   'content-length': '2',
36 verbose headers   'accept-ranges': 'bytes',
36 verbose headers   date: 'Wed, 06 Apr 2016 19:16:52 GMT',
36 verbose headers   via: '1.1 varnish',
36 verbose headers   age: '0',
36 verbose headers   connection: 'keep-alive',
36 verbose headers   'x-served-by': 'cache-iad2140-IAD',
36 verbose headers   'x-cache': 'MISS',
36 verbose headers   'x-cache-hits': '0',
36 verbose headers   'x-timer': 'S1459970211.785540,VS0,VE399',
36 verbose headers   vary: 'Accept-Encoding' }
37 silly get cb [ 404,
37 silly get   { 'content-type': 'application/json',
37 silly get     'cache-control': 'max-age=0',
37 silly get     'content-length': '2',
37 silly get     'accept-ranges': 'bytes',
37 silly get     date: 'Wed, 06 Apr 2016 19:16:52 GMT',
37 silly get     via: '1.1 varnish',
37 silly get     age: '0',
37 silly get     connection: 'keep-alive',
37 silly get     'x-served-by': 'cache-iad2140-IAD',
37 silly get     'x-cache': 'MISS',
37 silly get     'x-cache-hits': '0',
37 silly get     'x-timer': 'S1459970211.785540,VS0,VE399',
37 silly get     vary: 'Accept-Encoding' } ]
38 verbose stack Error: Registry returned 404 for GET on https://registry.npmjs.org/node-a-pkg
38 verbose stack     at makeError (/usr/local/lib/node_modules/npm/node_modules/npm-registry-client/lib/request.js:264:12)
38 verbose stack     at CachingRegistryClient.<anonymous> (/usr/local/lib/node_modules/npm/node_modules/npm-registry-client/lib/request.js:242:14)
38 verbose stack     at Request._callback (/usr/local/lib/node_modules/npm/node_modules/npm-registry-client/lib/request.js:172:14)
38 verbose stack     at Request.self.callback (/usr/local/lib/node_modules/npm/node_modules/request/request.js:199:22)
38 verbose stack     at emitTwo (events.js:87:13)
38 verbose stack     at Request.emit (events.js:172:7)
38 verbose stack     at Request.<anonymous> (/usr/local/lib/node_modules/npm/node_modules/request/request.js:1036:10)
38 verbose stack     at emitOne (events.js:82:20)
38 verbose stack     at Request.emit (events.js:169:7)
38 verbose stack     at IncomingMessage.<anonymous> (/usr/local/lib/node_modules/npm/node_modules/request/request.js:963:12)
39 verbose statusCode 404
40 verbose pkgid node-a-pkg
41 verbose cwd /Users/jordan/gDrive/JMH-Projects/scheme
42 error Darwin 15.2.0
43 error argv "/usr/local/bin/node" "/usr/local/bin/npm" "install" "--save" "node-a-pkg"
44 error node v4.4.0
45 error npm  v2.14.20
46 error code E404
47 error 404 Registry returned 404 for GET on https://registry.npmjs.org/node-a-pkg
47 error 404
47 error 404 'node-a-pkg' is not in the npm registry.
47 error 404 You should bug the author to publish it (or use the name yourself!)
47 error 404 It was specified as a dependency of 'scheme'
47 error 404
47 error 404 Note that you can also install from a
47 error 404 tarball, folder, http url, or git url.
48 verbose exit [ 1, true ]
